0 info it worked if it ends with ok
1 verbose cli [ '/usr/local/Cellar/node/6.3.1/bin/node',
1 verbose cli   '/usr/local/bin/npm',
1 verbose cli   'init' ]
2 info using npm@3.10.3
3 info using node@v6.6.0
4 verbose config Skipping project config: /Users/Apple/.npmrc. (matches userconfig)
5 silly package data undefined
6 info init written successfully
7 verbose stack TypeError: Cannot read property 'replace' of undefined
7 verbose stack     at module.exports (/usr/local/lib/node_modules/npm/node_modules/validate-npm-package-license/node_modules/spdx-correct/index.js:211:26)
7 verbose stack     at module.exports (/usr/local/lib/node_modules/npm/node_modules/validate-npm-package-license/index.js:60:23)
7 verbose stack     at /usr/local/lib/node_modules/npm/node_modules/init-package-json/default-input.js:232:13
7 verbose stack     at PromZard.<anonymous> (/usr/local/lib/node_modules/npm/node_modules/init-package-json/node_modules/promzard/promzard.js:226:19)
7 verbose stack     at onError (/usr/local/lib/node_modules/npm/node_modules/read/lib/read.js:94:12)
7 verbose stack     at Interface.<anonymous> (/usr/local/lib/node_modules/npm/node_modules/read/lib/read.js:66:5)
7 verbose stack     at emitNone (events.js:86:13)
7 verbose stack     at Interface.emit (events.js:185:7)
7 verbose stack     at Interface._ttyWrite (readline.js:726:16)
7 verbose stack     at ReadStream.onkeypress (readline.js:126:10)
8 verbose cwd /Users/Apple/Documents/Dev/Advanced/redux-todo
9 error Darwin 16.1.0
10 error argv "/usr/local/Cellar/node/6.3.1/bin/node" "/usr/local/bin/npm" "init"
11 error node v6.6.0
12 error npm  v3.10.3
13 error Cannot read property 'replace' of undefined
14 error If you need help, you may report this error at:
14 error     <https://github.com/npm/npm/issues>
15 verbose exit [ 1, true ]
